<?xml version="1.0" encoding="UTF-8"?>
<!-- Generated by org.testng.reporters.JUnitXMLReporter -->
<testsuite hostname="DESKTOP-LAO6R8V" ignored="1" name="Smoke Test" tests="1" failures="0" timestamp="2022-12-13T14:03:25 GMT" time="6.829" errors="0">
  <testcase name="verifyUserCanClickOnForgotPasswordLink" time="0.903" classname="com.orangehrmlive.demo.opensource.testsuite.LoginPageTest"/>
  <testcase name="verifyUserCanLoginSuccessfullyWithValidCredential" time="0.0" classname="com.orangehrmlive.demo.opensource.testsuite.LoginPageTest">
    <ignored/>
  </testcase> <!-- verifyUserCanLoginSuccessfullyWithValidCredential -->
</testsuite> <!-- Smoke Test -->
