<?xml version="1.0" encoding="UTF-8"?>
<!-- Generated by org.testng.reporters.JUnitXMLReporter -->
<testsuite hostname="DESKTOP-LAO6R8V" ignored="1" name="Sanity Test" tests="1" failures="0" timestamp="2022-12-13T14:02:43 GMT" time="7.531" errors="0">
  <testcase name="verifyUserCanLoginSuccessfullyWithValidCredential" time="1.683" classname="com.orangehrmlive.demo.opensource.testsuite.LoginPageTest"/>
  <testcase name="verifyUserCanClickOnForgotPasswordLink" time="0.0" classname="com.orangehrmlive.demo.opensource.testsuite.LoginPageTest">
    <ignored/>
  </testcase> <!-- verifyUserCanClickOnForgotPasswordLink -->
</testsuite> <!-- Sanity Test -->
