<?xml version="1.0" encoding="UTF-8"?>
<!-- Generated by org.testng.reporters.JUnitXMLReporter -->
<testsuite hostname="DESKTOP-LAO6R8V" ignored="0" name="Regression Test" tests="2" failures="0" timestamp="2022-12-13T14:04:54 GMT" time="12.3" errors="0">
  <testcase name="verifyUserCanClickOnForgotPasswordLink" time="0.857" classname="com.orangehrmlive.demo.opensource.testsuite.LoginPageTest"/>
  <testcase name="verifyUserCanLoginSuccessfullyWithValidCredential" time="2.03" classname="com.orangehrmlive.demo.opensource.testsuite.LoginPageTest"/>
</testsuite> <!-- Regression Test -->
