<?xml version="1.0" encoding="UTF-8"?>
<testsuite name="Login Test"
           tests="2"
           failures="0"
           errors="0"
           skipped="0"
           time="2.572">
  <properties />
  
  
            <testcase name="verifyUserCanLoginSuccessfullyWithValidCredential" time="1.677" classname="com.orangehrmlive.demo.opensource.testsuite.LoginPageTest" />
                <testcase name="verifyUserCanClickOnForgotPasswordLink" time="0.895" classname="com.orangehrmlive.demo.opensource.testsuite.LoginPageTest" />
      
</testsuite>
